#!/usr/bin/env python3
"""
DataFlow Query Plan Analyzer Demo

Demonstrates the advanced query execution plan analysis system that examines
database query execution plans to identify optimization opportunities and performance bottlenecks.

Features:
- Multi-database execution plan parsing (PostgreSQL, MySQL, SQLite)
- Cost analysis and bottleneck identification
- Performance recommendation generation
- Integration with workflow analyzer and index recommendations
- Real-time execution plan monitoring
"""

import json
import os
import sys

# Add the DataFlow app to the path
sys.path.insert(0, os.path.join(os.path.dirname(__file__), "../src"))

from dataflow.optimization import (
    IndexRecommendationEngine,
    SQLDialect,
    SQLQueryOptimizer,
    WorkflowAnalyzer,
)
from dataflow.optimization.query_plan_analyzer import (
    BottleneckType,
    PlanNodeType,
    QueryPlanAnalyzer,
)


def create_sample_execution_plans():
    """Create sample execution plans for demonstration."""

    # PostgreSQL JSON execution plan (complex analytics query)
    postgresql_plan = {
        "Plan": {
            "Node Type": "Hash Join",
            "Startup Cost": 35.50,
            "Total Cost": 845.67,
            "Plan Rows": 5000,
            "Plan Width": 128,
            "Actual Startup Time": 2.456,
            "Actual Total Time": 89.234,
            "Actual Rows": 4876,
            "Actual Loops": 1,
            "Join Type": "Inner",
            "Hash Cond": "(o.customer_id = c.id)",
            "Plans": [
                {
                    "Node Type": "Seq Scan",
                    "Relation Name": "orders",
                    "Startup Cost": 0.00,
                    "Total Cost": 456.78,
                    "Plan Rows": 25000,
                    "Plan Width": 64,
                    "Actual Startup Time": 0.123,
                    "Actual Total Time": 45.678,
                    "Actual Rows": 24876,
                    "Actual Loops": 1,
                    "Filter": "(status = 'completed'::text AND created_at >= '2024-01-01'::date)",
                },
                {
                    "Node Type": "Hash",
                    "Startup Cost": 15.50,
                    "Total Cost": 125.89,
                    "Plan Rows": 5000,
                    "Plan Width": 68,
                    "Actual Startup Time": 1.234,
                    "Actual Total Time": 12.345,
                    "Actual Rows": 5000,
                    "Actual Loops": 1,
                    "Plans": [
                        {
                            "Node Type": "Seq Scan",
                            "Relation Name": "customers",
                            "Startup Cost": 0.00,
                            "Total Cost": 115.39,
                            "Plan Rows": 5000,
                            "Plan Width": 68,
                            "Actual Startup Time": 0.234,
                            "Actual Total Time": 8.901,
                            "Actual Rows": 5000,
                            "Actual Loops": 1,
                            "Filter": "(tier = 'premium'::text)",
                        }
                    ],
                },
            ],
        }
    }

    # Text-based execution plan (MySQL style)
    mysql_plan = """
    -> Nested loop inner join  (cost=1234.56 rows=1000) (actual time=0.123..45.678 rows=987 loops=1)
        -> Table scan on customers  (cost=234.56 rows=5000) (actual time=0.012..12.345 rows=5000 loops=1)
        -> Index lookup on orders using idx_customer_id (customer_id=customers.id)  (cost=0.25 rows=10) (actual time=0.003..0.025 rows=2 loops=5000)
    """

    # Complex PostgreSQL plan with expensive operations
    complex_postgresql_plan = {
        "Plan": {
            "Node Type": "Sort",
            "Startup Cost": 2456.78,
            "Total Cost": 2567.89,
            "Plan Rows": 50000,
            "Plan Width": 200,
            "Actual Startup Time": 156.789,
            "Actual Total Time": 189.234,
            "Actual Rows": 49876,
            "Actual Loops": 1,
            "Sort Key": ["total DESC", "created_at DESC"],
            "Plans": [
                {
                    "Node Type": "Nested Loop",
                    "Startup Cost": 0.00,
                    "Total Cost": 2345.67,
                    "Plan Rows": 50000,
                    "Plan Width": 200,
                    "Actual Startup Time": 0.345,
                    "Actual Total Time": 145.678,
                    "Actual Rows": 49876,
                    "Actual Loops": 1,
                    "Join Type": "Inner",
                    "Plans": [
                        {
                            "Node Type": "Seq Scan",
                            "Relation Name": "large_orders",
                            "Startup Cost": 0.00,
                            "Total Cost": 1234.56,
                            "Plan Rows": 100000,
                            "Plan Width": 100,
                            "Actual Startup Time": 0.123,
                            "Actual Total Time": 67.890,
                            "Actual Rows": 99876,
                            "Actual Loops": 1,
                            "Filter": "(amount > 1000)",
                        },
                        {
                            "Node Type": "Index Scan",
                            "Relation Name": "customers",
                            "Index Name": "idx_customers_id",
                            "Startup Cost": 0.29,
                            "Total Cost": 8.30,
                            "Plan Rows": 1,
                            "Plan Width": 100,
                            "Actual Startup Time": 0.002,
                            "Actual Total Time": 0.005,
                            "Actual Rows": 1,
                            "Actual Loops": 99876,
                            "Index Cond": "(id = large_orders.customer_id)",
                        },
                    ],
                }
            ],
        }
    }

    return {
        "postgresql_simple": postgresql_plan,
        "mysql_text": mysql_plan,
        "postgresql_complex": complex_postgresql_plan,
    }


def demonstrate_query_plan_analysis():
    """Demonstrate the complete query plan analysis pipeline."""
    print("🔍 DataFlow Query Plan Analyzer Demo")
    print("=" * 60)

    execution_plans = create_sample_execution_plans()

    # Step 1: Initialize analyzers for different databases
    print("\n🗄️ Step 1: Multi-Database Analyzer Initialization")
    print("-" * 48)

    analyzers = {
        "PostgreSQL": QueryPlanAnalyzer(dialect=SQLDialect.POSTGRESQL),
        "MySQL": QueryPlanAnalyzer(dialect=SQLDialect.MYSQL),
        "SQLite": QueryPlanAnalyzer(dialect=SQLDialect.SQLITE),
    }

    for db_name, analyzer in analyzers.items():
        print(f"✅ {db_name} analyzer initialized")
        print(
            f"   - Bottleneck thresholds: {len(analyzer.bottleneck_thresholds)} configured"
        )
        print(
            f"   - Optimization patterns: {len(analyzer.optimization_patterns)} types"
        )

    # Step 2: Analyze PostgreSQL execution plan
    print("\n📊 Step 2: PostgreSQL Plan Analysis")
    print("-" * 35)

    pg_analyzer = analyzers["PostgreSQL"]

    # Analyze simple plan
    query_sql = """
    SELECT c.name, c.tier, o.total, o.created_at
    FROM customers c
    INNER JOIN orders o ON c.id = o.customer_id
    WHERE c.tier = 'premium'
      AND o.status = 'completed'
      AND o.created_at >= '2024-01-01'
    """

    simple_analysis = pg_analyzer.analyze_query_plan(
        query_sql, execution_plans["postgresql_simple"], 89.234  # execution time in ms
    )

    print(f"Query analyzed: {len(query_sql)} characters")
    print(f"Execution time: {simple_analysis.execution_time_ms:.2f}ms")
    print(f"Total cost: {simple_analysis.total_cost:.2f}")
    print(f"Plan nodes: {len(simple_analysis.plan_nodes)}")
    print(f"Bottlenecks found: {len(simple_analysis.bottlenecks)}")
    print(f"Optimization score: {simple_analysis.optimization_score:.1f}/100")

    # Show bottleneck details
    if simple_analysis.bottlenecks:
        print("\n🚨 Identified Bottlenecks:")
        for i, bottleneck in enumerate(simple_analysis.bottlenecks, 1):
            print(
                f"  {i}. {bottleneck.bottleneck_type.value.upper()} - {bottleneck.severity}"
            )
            print(f"     Impact: {bottleneck.impact_description}")
            print(f"     Improvement: {bottleneck.estimated_improvement}")
            if bottleneck.optimization_suggestions:
                print(
                    f"     Suggestions: {'; '.join(bottleneck.optimization_suggestions[:2])}"
                )

    # Show index recommendations
    if simple_analysis.index_recommendations:
        print("\n💾 Index Recommendations:")
        for i, rec in enumerate(simple_analysis.index_recommendations[:3], 1):
            print(f"  {i}. {rec.table_name}.{','.join(rec.column_names)}")
            print(f"     Type: {rec.index_type.value}, Priority: {rec.priority.value}")
            print(f"     Impact: {rec.estimated_impact}")
            print(f"     SQL: {rec.create_statement}")

    # Step 3: Analyze complex plan with multiple bottlenecks
    print("\n⚡ Step 3: Complex Plan Analysis")
    print("-" * 32)

    complex_query = """
    SELECT o.customer_id, c.name, o.total, o.created_at
    FROM large_orders o
    INNER JOIN customers c ON o.customer_id = c.id
    WHERE o.amount > 1000
    ORDER BY o.total DESC, o.created_at DESC
    """

    complex_analysis = pg_analyzer.analyze_query_plan(
        complex_query,
        execution_plans["postgresql_complex"],
        189.234,  # execution time in ms
    )

    print(f"Complex query execution time: {complex_analysis.execution_time_ms:.2f}ms")
    print(f"Optimization score: {complex_analysis.optimization_score:.1f}/100")
    print(
        f"Critical bottlenecks: {len([b for b in complex_analysis.bottlenecks if b.severity in ['critical', 'high']])}"
    )

    # Categorize bottlenecks by type
    bottleneck_counts = {}
    for bottleneck in complex_analysis.bottlenecks:
        bt = bottleneck.bottleneck_type.value
        bottleneck_counts[bt] = bottleneck_counts.get(bt, 0) + 1

    print("\n📈 Bottleneck Distribution:")
    for bottleneck_type, count in bottleneck_counts.items():
        print(f"  - {bottleneck_type.replace('_', ' ').title()}: {count}")

    # Step 4: Multiple plan analysis and comparison
    print("\n📚 Step 4: Multi-Plan Analysis & Comparison")
    print("-" * 44)

    # Create multiple query scenarios
    query_scenarios = [
        (query_sql, execution_plans["postgresql_simple"], 89.234),
        (complex_query, execution_plans["postgresql_complex"], 189.234),
        (
            "SELECT * FROM customers WHERE email = 'user@example.com'",
            {
                "Plan": {
                    "Node Type": "Index Scan",
                    "Relation Name": "customers",
                    "Index Name": "idx_customers_email",
                    "Startup Cost": 0.29,
                    "Total Cost": 8.30,
                    "Plan Rows": 1,
                    "Plan Width": 68,
                    "Actual Startup Time": 0.012,
                    "Actual Total Time": 0.045,
                    "Actual Rows": 1,
                    "Actual Loops": 1,
                    "Index Cond": "(email = 'user@example.com'::text)",
                }
            },
            0.045,
        ),
    ]

    multi_analyses = pg_analyzer.analyze_multiple_plans(query_scenarios)

    print(f"Analyzed {len(multi_analyses)} query plans")

    # Performance ranking
    ranked_analyses = sorted(
        multi_analyses, key=lambda x: x.optimization_score, reverse=True
    )

    print("\n🏆 Performance Ranking:")
    for i, analysis in enumerate(ranked_analyses, 1):
        status = (
            "✅"
            if analysis.optimization_score >= 80
            else "⚠️" if analysis.optimization_score >= 60 else "❌"
        )
        query_preview = analysis.query_sql.strip().split("\n")[0][:50] + "..."
        print(
            f"  {i}. {status} Score: {analysis.optimization_score:.1f}/100 - {analysis.execution_time_ms:.2f}ms"
        )
        print(f"     Query: {query_preview}")

    # Step 5: Comprehensive reporting
    print("\n📋 Step 5: Comprehensive Analysis Report")
    print("-" * 40)

    comprehensive_report = pg_analyzer.generate_comprehensive_report(multi_analyses)
    print(comprehensive_report)

    # Step 6: Performance monitoring
    print("\n🔍 Step 6: Performance Monitoring")
    print("-" * 32)

    monitoring_data = pg_analyzer.monitor_query_performance(
        multi_analyses, threshold_ms=50.0  # Consider queries >50ms as slow
    )

    print("Performance Monitoring Results:")
    print(f"  Slow queries detected: {len(monitoring_data['slow_queries'])}")

    if monitoring_data["slow_queries"]:
        print("  Slowest queries:")
        for slow_query in monitoring_data["slow_queries"]:
            print(
                f"    - {slow_query['execution_time_ms']:.2f}ms: {slow_query['query'][:60]}..."
            )

    print("  Most frequent bottlenecks:")
    for bottleneck_type, frequency in list(
        monitoring_data["bottleneck_frequency"].items()
    )[:3]:
        print(
            f"    - {bottleneck_type.replace('_', ' ').title()}: {frequency} occurrences"
        )

    if monitoring_data["recommendations"]:
        print("  Monitoring recommendations:")
        for recommendation in monitoring_data["recommendations"]:
            print(f"    💡 {recommendation}")


def demonstrate_integration_with_optimization_framework():
    """Demonstrate integration with the complete DataFlow optimization framework."""
    print("\n" + "=" * 60)
    print("🔗 Integration with DataFlow Optimization Framework")
    print("=" * 60)

    # Step 1: Workflow analysis
    print("\n📋 Step 1: Workflow Pattern Analysis")
    print("-" * 35)

    # Create sample workflow for analysis
    sample_workflow = {
        "nodes": {
            "customer_query": {
                "type": "CustomerListNode",
                "parameters": {
                    "table": "customers",
                    "filter": {"tier": "premium", "status": "active"},
                },
            },
            "order_query": {
                "type": "OrderListNode",
                "parameters": {
                    "table": "orders",
                    "filter": {"status": "completed", "amount": {"$gt": 100}},
                },
            },
            "merge_operation": {
                "type": "SmartMergeNode",
                "parameters": {
                    "merge_type": "inner",
                    "join_conditions": {"left_key": "id", "right_key": "customer_id"},
                },
            },
            "analytics": {
                "type": "AggregateNode",
                "parameters": {
                    "aggregate_expression": "sum of amount, count of orders",
                    "group_by": ["customer_tier", "order_month"],
                },
            },
        },
        "connections": [
            {"from_node": "customer_query", "to_node": "merge_operation"},
            {"from_node": "order_query", "to_node": "merge_operation"},
            {"from_node": "merge_operation", "to_node": "analytics"},
        ],
    }

    # Analyze workflow patterns
    workflow_analyzer = WorkflowAnalyzer()
    opportunities = workflow_analyzer.analyze_workflow(sample_workflow)

    print(f"Workflow optimization opportunities: {len(opportunities)}")
    for opp in opportunities:
        print(f"  - {opp.pattern_type.value}: {opp.estimated_improvement}")

    # Step 2: SQL optimization
    print("\n🛠️ Step 2: SQL Query Generation")
    print("-" * 31)

    sql_optimizer = SQLQueryOptimizer(dialect=SQLDialect.POSTGRESQL)
    optimized_queries = sql_optimizer.optimize_workflow(opportunities)

    print(f"Generated optimized SQL queries: {len(optimized_queries)}")
    if optimized_queries:
        sample_query = optimized_queries[0]
        print(f"Sample SQL (first 150 chars): {sample_query.optimized_sql[:150]}...")

    # Step 3: Index recommendations
    print("\n💾 Step 3: Index Recommendations")
    print("-" * 30)

    index_engine = IndexRecommendationEngine(dialect=SQLDialect.POSTGRESQL)
    index_analysis = index_engine.analyze_and_recommend(
        opportunities, optimized_queries
    )

    print(f"Index recommendations: {len(index_analysis.recommendations)}")
    print(f"Critical indexes needed: {len(index_analysis.missing_critical_indexes)}")
    print(f"Estimated performance gain: {index_analysis.total_estimated_gain:.1f}x")

    # Step 4: Query plan analysis simulation
    print("\n🔍 Step 4: Simulated Query Plan Analysis")
    print("-" * 40)

    # Simulate execution plans for the optimized queries
    plan_analyzer = QueryPlanAnalyzer(dialect=SQLDialect.POSTGRESQL)

    if optimized_queries:
        # Create a simulated execution plan for the optimized query
        simulated_plan = {
            "Plan": {
                "Node Type": "Hash Join",
                "Startup Cost": 25.50,
                "Total Cost": 145.67,
                "Plan Rows": 2500,
                "Plan Width": 120,
                "Actual Startup Time": 1.234,
                "Actual Total Time": 15.678,
                "Actual Rows": 2456,
                "Actual Loops": 1,
                "Join Type": "Inner",
                "Hash Cond": "(c.id = o.customer_id)",
                "Plans": [
                    {
                        "Node Type": "Index Scan",
                        "Relation Name": "customers",
                        "Index Name": "idx_customers_tier_status",
                        "Startup Cost": 0.29,
                        "Total Cost": 45.30,
                        "Plan Rows": 1000,
                        "Plan Width": 68,
                        "Actual Startup Time": 0.123,
                        "Actual Total Time": 5.678,
                        "Actual Rows": 987,
                        "Actual Loops": 1,
                        "Index Cond": "(tier = 'premium' AND status = 'active')",
                    },
                    {
                        "Node Type": "Index Scan",
                        "Relation Name": "orders",
                        "Index Name": "idx_orders_status_amount",
                        "Startup Cost": 0.43,
                        "Total Cost": 87.45,
                        "Plan Rows": 5000,
                        "Plan Width": 52,
                        "Actual Startup Time": 0.234,
                        "Actual Total Time": 8.901,
                        "Actual Rows": 4876,
                        "Actual Loops": 1,
                        "Index Cond": "(status = 'completed' AND amount > 100)",
                    },
                ],
            }
        }

        # Analyze the optimized execution plan
        plan_analysis = plan_analyzer.analyze_query_plan(
            optimized_queries[0].optimized_sql,
            simulated_plan,
            15.678,  # Much faster execution time
        )

        print("Optimized plan analysis:")
        print(f"  Execution time: {plan_analysis.execution_time_ms:.2f}ms")
        print(f"  Optimization score: {plan_analysis.optimization_score:.1f}/100")
        print(f"  Bottlenecks: {len(plan_analysis.bottlenecks)}")
        print(f"  Plan nodes: {len(plan_analysis.plan_nodes)}")

        # Compare with original slow plan
        original_slow_plan = create_sample_execution_plans()["postgresql_simple"]
        original_analysis = plan_analyzer.analyze_query_plan(
            "SELECT c.name, o.total FROM customers c JOIN orders o ON c.id = o.customer_id",
            original_slow_plan,
            89.234,
        )

        improvement_factor = (
            original_analysis.execution_time_ms / plan_analysis.execution_time_ms
        )

        print("\n📈 Performance Improvement:")
        print(f"  Original execution time: {original_analysis.execution_time_ms:.2f}ms")
        print(f"  Optimized execution time: {plan_analysis.execution_time_ms:.2f}ms")
        print(f"  Performance improvement: {improvement_factor:.1f}x faster")
        print(
            f"  Original optimization score: {original_analysis.optimization_score:.1f}/100"
        )
        print(f"  Optimized score: {plan_analysis.optimization_score:.1f}/100")

    # Step 5: Complete optimization summary
    print("\n🎯 Step 5: Complete Optimization Summary")
    print("-" * 38)

    print("DataFlow optimization pipeline results:")
    print(f"✅ Workflow patterns detected: {len(opportunities)}")
    print(f"✅ SQL queries optimized: {len(optimized_queries)}")
    print(f"✅ Index recommendations generated: {len(index_analysis.recommendations)}")
    print("✅ Query plans analyzed and optimized")

    if optimized_queries:
        print(f"✅ Overall performance improvement: {improvement_factor:.1f}x faster")
        print(
            f"✅ Estimated database performance gain: {index_analysis.total_estimated_gain:.1f}x"
        )

    print("\n🏆 Key Benefits Achieved:")
    print("  🚀 Automated workflow optimization")
    print("  📊 Multi-database query plan analysis")
    print("  💾 Intelligent index recommendations")
    print("  🔍 Real-time bottleneck detection")
    print("  📈 Comprehensive performance monitoring")
    print("  🎯 Production-ready optimization strategies")


def demonstrate_different_database_dialects():
    """Demonstrate query plan analysis across different database dialects."""
    print("\n" + "=" * 60)
    print("🗄️ Multi-Database Query Plan Analysis")
    print("=" * 60)

    # Sample query that works across databases
    sample_query = "SELECT id, name, email FROM users WHERE status = 'active' ORDER BY created_at DESC"

    # Database-specific execution plans and analysis
    databases = [
        {
            "name": "PostgreSQL",
            "dialect": SQLDialect.POSTGRESQL,
            "plan": {
                "Plan": {
                    "Node Type": "Sort",
                    "Startup Cost": 145.67,
                    "Total Cost": 167.89,
                    "Plan Rows": 1000,
                    "Plan Width": 68,
                    "Sort Key": ["created_at DESC"],
                    "Plans": [
                        {
                            "Node Type": "Index Scan",
                            "Relation Name": "users",
                            "Index Name": "idx_users_status",
                            "Startup Cost": 0.29,
                            "Total Cost": 145.67,
                            "Plan Rows": 1000,
                            "Plan Width": 68,
                            "Index Cond": "(status = 'active')",
                        }
                    ],
                }
            },
            "execution_time": 12.345,
        },
        {
            "name": "MySQL",
            "dialect": SQLDialect.MYSQL,
            "plan": "-> Sort: users.created_at DESC  (cost=167.89 rows=1000)\n    -> Index lookup on users using idx_status (status='active')  (cost=145.67 rows=1000)",
            "execution_time": 15.678,
        },
        {
            "name": "SQLite",
            "dialect": SQLDialect.SQLITE,
            "plan": "SEARCH TABLE users USING INDEX idx_users_status (status=?) ORDER BY created_at DESC",
            "execution_time": 8.901,
        },
    ]

    analyses = []

    for db_info in databases:
        print(f"\n📊 {db_info['name']} Analysis")
        print("-" * (len(db_info["name"]) + 11))

        analyzer = QueryPlanAnalyzer(dialect=db_info["dialect"])

        analysis = analyzer.analyze_query_plan(
            sample_query, db_info["plan"], db_info["execution_time"]
        )

        analyses.append((db_info["name"], analysis))

        print(f"  Execution time: {analysis.execution_time_ms:.3f}ms")
        print(f"  Optimization score: {analysis.optimization_score:.1f}/100")
        print(f"  Plan nodes: {len(analysis.plan_nodes)}")
        print(f"  Bottlenecks: {len(analysis.bottlenecks)}")

        if analysis.bottlenecks:
            print("  Main bottlenecks:")
            for bottleneck in analysis.bottlenecks[:2]:
                print(
                    f"    - {bottleneck.bottleneck_type.value}: {bottleneck.severity}"
                )

    # Compare performance across databases
    print("\n🏆 Database Performance Comparison")
    print("-" * 35)

    sorted_analyses = sorted(analyses, key=lambda x: x[1].execution_time_ms)

    print("Ranking by execution time:")
    for i, (db_name, analysis) in enumerate(sorted_analyses, 1):
        print(
            f"  {i}. {db_name}: {analysis.execution_time_ms:.3f}ms (score: {analysis.optimization_score:.1f}/100)"
        )

    # Best practices for each database
    print("\n💡 Database-Specific Optimization Tips")
    print("-" * 38)

    tips = {
        "PostgreSQL": [
            "Use CONCURRENTLY for non-blocking index creation",
            "Leverage partial indexes for selective queries",
            "Consider INCLUDE columns for covering indexes",
            "Monitor with pg_stat_statements",
        ],
        "MySQL": [
            "Use composite indexes for multi-column queries",
            "Optimize with EXPLAIN FORMAT=JSON",
            "Consider query cache for repeated queries",
            "Monitor with performance_schema",
        ],
        "SQLite": [
            "Use EXPLAIN QUERY PLAN for analysis",
            "Create indexes for WHERE and ORDER BY clauses",
            "Consider WITHOUT ROWID for certain tables",
            "Use WAL mode for better concurrency",
        ],
    }

    for db_name, db_tips in tips.items():
        print(f"\n{db_name}:")
        for tip in db_tips:
            print(f"  ✅ {tip}")


def main():
    """Run the complete query plan analysis demonstration."""
    try:
        demonstrate_query_plan_analysis()
        demonstrate_integration_with_optimization_framework()
        demonstrate_different_database_dialects()

        print("\n" + "=" * 60)
        print("✅ Query Plan Analysis Demo Complete!")
        print("=" * 60)

        print("\n🎯 Key Capabilities Demonstrated:")
        print("  🔍 Multi-database execution plan parsing")
        print("  📊 Advanced bottleneck detection")
        print("  💾 Index recommendation integration")
        print("  📈 Performance monitoring and alerting")
        print("  🗄️ Cross-database compatibility")
        print("  🔗 Complete optimization framework integration")

        print("\n🚀 Production Benefits:")
        print("  ⚡ Automatic performance optimization")
        print("  🎯 Proactive bottleneck identification")
        print("  📊 Data-driven index recommendations")
        print("  🔍 Real-time query monitoring")
        print("  📈 Measurable performance improvements")

        return 0

    except Exception as e:
        print(f"❌ Demo failed: {e}")
        import traceback

        traceback.print_exc()
        return 1


if __name__ == "__main__":
    sys.exit(main())
